<?xml version="1.0" encoding="UTF-8"?>
<!-- Generated by org.testng.reporters.JUnitXMLReporter -->
<testsuite ignored="4" hostname="Vinayaks-MacBook-Pro.local" failures="0" tests="1" name="Default test" time="14.618" errors="0" timestamp="2023-10-18T19:57:47 IST">
  <testcase classname="tests.LoginpageFactoryTest" name="testLoginDirectFunction" time="2.021"/>
  <testcase classname="tests.LoginpageFactoryTest" name="testValidLogin" time="0.0">
    <ignored/>
  </testcase> <!-- testValidLogin -->
  <testcase classname="tests.LoginpageFactoryTest" name="testLoginwithBlankCredentials" time="0.0">
    <ignored/>
  </testcase> <!-- testLoginwithBlankCredentials -->
  <testcase classname="tests.LoginpageFactoryTest" name="testLoginwithInValidPassword" time="0.0">
    <ignored/>
  </testcase> <!-- testLoginwithInValidPassword -->
  <testcase classname="tests.LoginpageFactoryTest" name="testLoginwithInValidUsername" time="0.0">
    <ignored/>
  </testcase> <!-- testLoginwithInValidUsername -->
</testsuite> <!-- Default test -->
