<?xml version="1.0" encoding="UTF-8"?>
<testng-results ignored="0" total="4" passed="4" failed="0" skipped="0">
  <reporter-output>
  </reporter-output>
  <suite started-at="2023-10-18T20:04:14 IST" name="TestSuite" finished-at="2023-10-18T20:04:37 IST" duration-ms="23428">
    <groups>
    </groups>
    <test started-at="2023-10-18T20:04:14 IST" name="Testgroups" finished-at="2023-10-18T20:04:37 IST" duration-ms="23428">
      <class name="tests.LoginpageFactoryTest">
        <test-method is-config="true" signature="beforeSuite()[pri:0, instance:tests.LoginpageFactoryTest@54422e18]" started-at="2023-10-18T20:04:14 IST" name="beforeSuite" finished-at="2023-10-18T20:04:14 IST" duration-ms="17" status="PASS">
          <reporter-output>
          </reporter-output>
        </test-method> <!-- beforeSuite -->
        <test-method is-config="true" signature="beforeTest()[pri:0, instance:tests.LoginpageFactoryTest@54422e18]" started-at="2023-10-18T20:04:14 IST" name="beforeTest" finished-at="2023-10-18T20:04:14 IST" duration-ms="1" status="PASS">
          <reporter-output>
          </reporter-output>
        </test-method> <!-- beforeTest -->
        <test-method is-config="true" signature="beforeMethod2()[pri:0, instance:tests.LoginpageFactoryTest@54422e18]" started-at="2023-10-18T20:04:14 IST" name="beforeMethod2" finished-at="2023-10-18T20:04:23 IST" duration-ms="9202" status="PASS">
          <reporter-output>
          </reporter-output>
        </test-method> <!-- beforeMethod2 -->
        <test-method signature="testLoginDirectFunction()[pri:0, instance:tests.LoginpageFactoryTest@54422e18]" started-at="2023-10-18T20:04:23 IST" name="testLoginDirectFunction" finished-at="2023-10-18T20:04:25 IST" duration-ms="1554" status="PASS">
          <reporter-output>
          </reporter-output>
        </test-method> <!-- testLoginDirectFunction -->
        <test-method is-config="true" signature="afterMethod()[pri:0, instance:tests.LoginpageFactoryTest@54422e18]" started-at="2023-10-18T20:04:25 IST" name="afterMethod" finished-at="2023-10-18T20:04:25 IST" duration-ms="173" status="PASS">
          <reporter-output>
          </reporter-output>
        </test-method> <!-- afterMethod -->
        <test-method is-config="true" signature="beforeMethod2()[pri:0, instance:tests.LoginpageFactoryTest@54422e18]" started-at="2023-10-18T20:04:25 IST" name="beforeMethod2" finished-at="2023-10-18T20:04:28 IST" duration-ms="2562" status="PASS">
          <reporter-output>
          </reporter-output>
        </test-method> <!-- beforeMethod2 -->
        <test-method signature="testValidLogin()[pri:0, instance:tests.LoginpageFactoryTest@54422e18]" started-at="2023-10-18T20:04:28 IST" name="testValidLogin" finished-at="2023-10-18T20:04:29 IST" duration-ms="1554" status="PASS">
          <reporter-output>
          </reporter-output>
        </test-method> <!-- testValidLogin -->
        <test-method is-config="true" signature="afterMethod()[pri:0, instance:tests.LoginpageFactoryTest@54422e18]" started-at="2023-10-18T20:04:29 IST" name="afterMethod" finished-at="2023-10-18T20:04:29 IST" duration-ms="161" status="PASS">
          <reporter-output>
          </reporter-output>
        </test-method> <!-- afterMethod -->
        <test-method is-config="true" signature="beforeMethod2()[pri:0, instance:tests.LoginpageFactoryTest@54422e18]" started-at="2023-10-18T20:04:29 IST" name="beforeMethod2" finished-at="2023-10-18T20:04:32 IST" duration-ms="2486" status="PASS">
          <reporter-output>
          </reporter-output>
        </test-method> <!-- beforeMethod2 -->
        <test-method signature="testLoginwithInValidPassword()[pri:0, instance:tests.LoginpageFactoryTest@54422e18]" started-at="2023-10-18T20:04:32 IST" name="testLoginwithInValidPassword" finished-at="2023-10-18T20:04:33 IST" depends-on-methods="tests.LoginpageFactoryTest.testLoginDirectFunction" duration-ms="1480" status="PASS">
          <reporter-output>
          </reporter-output>
        </test-method> <!-- testLoginwithInValidPassword -->
        <test-method is-config="true" signature="afterMethod()[pri:0, instance:tests.LoginpageFactoryTest@54422e18]" started-at="2023-10-18T20:04:33 IST" name="afterMethod" finished-at="2023-10-18T20:04:33 IST" duration-ms="163" status="PASS">
          <reporter-output>
          </reporter-output>
        </test-method> <!-- afterMethod -->
        <test-method is-config="true" signature="beforeMethod2()[pri:0, instance:tests.LoginpageFactoryTest@54422e18]" started-at="2023-10-18T20:04:33 IST" name="beforeMethod2" finished-at="2023-10-18T20:04:36 IST" duration-ms="2591" status="PASS">
          <reporter-output>
          </reporter-output>
        </test-method> <!-- beforeMethod2 -->
        <test-method signature="testLoginwithInValidUsername()[pri:0, instance:tests.LoginpageFactoryTest@54422e18]" started-at="2023-10-18T20:04:36 IST" name="testLoginwithInValidUsername" finished-at="2023-10-18T20:04:37 IST" depends-on-methods="tests.LoginpageFactoryTest.testValidLogin" duration-ms="1284" status="PASS">
          <reporter-output>
          </reporter-output>
        </test-method> <!-- testLoginwithInValidUsername -->
        <test-method is-config="true" signature="afterMethod()[pri:0, instance:tests.LoginpageFactoryTest@54422e18]" started-at="2023-10-18T20:04:37 IST" name="afterMethod" finished-at="2023-10-18T20:04:37 IST" duration-ms="159" status="PASS">
          <reporter-output>
          </reporter-output>
        </test-method> <!-- afterMethod -->
        <test-method is-config="true" signature="afterTest()[pri:0, instance:tests.LoginpageFactoryTest@54422e18]" started-at="2023-10-18T20:04:37 IST" name="afterTest" finished-at="2023-10-18T20:04:37 IST" duration-ms="0" status="PASS">
          <reporter-output>
          </reporter-output>
        </test-method> <!-- afterTest -->
        <test-method is-config="true" signature="afterSuite()[pri:0, instance:tests.LoginpageFactoryTest@54422e18]" started-at="2023-10-18T20:04:42 IST" name="afterSuite" finished-at="2023-10-18T20:04:42 IST" duration-ms="1" status="PASS">
          <reporter-output>
          </reporter-output>
        </test-method> <!-- afterSuite -->
      </class> <!-- tests.LoginpageFactoryTest -->
    </test> <!-- Testgroups -->
  </suite> <!-- TestSuite -->
</testng-results>
