<?xml version="1.0" encoding="UTF-8"?>
<!-- Generated by org.testng.reporters.JUnitXMLReporter -->
<testsuite ignored="1" hostname="Vinayaks-MacBook-Pro.local" failures="0" tests="4" name="Testgroups" time="23.428" errors="0" timestamp="2023-10-18T20:04:42 IST">
  <testcase classname="tests.LoginpageFactoryTest" name="testLoginDirectFunction" time="1.554"/>
  <testcase classname="tests.LoginpageFactoryTest" name="testValidLogin" time="1.554"/>
  <testcase classname="tests.LoginpageFactoryTest" name="testLoginwithInValidPassword" time="1.48"/>
  <testcase classname="tests.LoginpageFactoryTest" name="testLoginwithInValidUsername" time="1.284"/>
  <testcase classname="tests.LoginpageFactoryTest" name="testLoginwithBlankCredentials" time="0.0">
    <ignored/>
  </testcase> <!-- testLoginwithBlankCredentials -->
</testsuite> <!-- Testgroups -->
